# **************************************************
# Quartus Prime Version 23.4.0
# Process ID 22572
# Start logging UI actions
# Thu Mar 14 08:54:42 2024
# **************************************************
[Thu Mar 14 08:54:44 2024] [Action triggered] Window title: 'Quartus Prime Pro Edition - C:/work/Intel_GIT/Quartus_Compile_Info/Quartus_Compile_Info/top - top [*]' | P&rocessing > 'Compilation Dashboard' was pressed
[Thu Mar 14 08:54:49 2024] Window title: 'Upgrade IP Components' | QCheckBox '' was checked
[Thu Mar 14 08:54:49 2024] Window title: 'Upgrade IP Components' | QCheckBox '' was checked
[Thu Mar 14 08:54:49 2024] Window title: 'Upgrade IP Components' | QCheckBox '' was checked
[Thu Mar 14 08:56:02 2024] Window title: 'Upgrade IP Components' | QPushButton 'Auto Upgrade' pressed!
[Thu Mar 14 08:57:12 2024] Window title: 'Upgrade IP Components' | QPushButton 'Close' pressed!
[Thu Mar 14 09:36:37 2024] [Action triggered] Window title: 'Quartus Prime Pro Edition - C:/work/Intel_GIT/Quartus_Compile_Info/Quartus_Compile_Info/top - top [*]' | &Project > 'Archive &Project...' was pressed
[Thu Mar 14 09:36:41 2024] [Action triggered] Window title: 'Quartus Prime Pro Edition - C:/work/Intel_GIT/Quartus_Compile_Info/Quartus_Compile_Info/top - top [*]' | P&rocessing > 'Compilation Dashboard' was pressed
[Thu Mar 14 09:40:29 2024] Window title: 'Quartus Prime' | QPushButton 'OK' pressed!
[Thu Mar 14 13:27:16 2024] [Action triggered] Window title: 'Quartus Prime Pro Edition [*]' | &Help > 'Home' was pressed
# **************************************************
# Thu Mar 14 13:27:16 2024
# End of logging UI actions
# **************************************************
